<?xml version="1.0" encoding="UTF-8"?>
<!-- Generated by org.testng.reporters.JUnitReportReporter -->
<testsuite hostname="EKT1539553" failures="0" tests="1" name="com.mx.elektra.pruebas.AppTest" time="0.017" errors="0" timestamp="17 Mar 2020 19:33:38 GMT">
  <testcase classname="com.mx.elektra.pruebas.AppTest" name="testApp" time="0.017"/>
</testsuite> <!-- com.mx.elektra.pruebas.AppTest -->
