<?xml version="1.0" encoding="UTF-8"?>
<!-- Generated by org.testng.reporters.JUnitReportReporter -->
<testsuite hostname="EKT1539553" failures="0" tests="1" name="tests.Tcartera" time="121.659" errors="0" timestamp="20 May 2020 17:35:13 GMT">
  <testcase classname="tests.Tcartera" name="carteraTest" time="121.659"/>
</testsuite> <!-- tests.Tcartera -->
