<?xml version="1.0" encoding="UTF-8"?>
<!-- Generated by org.testng.reporters.JUnitReportReporter -->
<testsuite hostname="EKT1539553" failures="0" tests="1" name="tests.TbarraBusqueda" time="0.082" errors="0" timestamp="17 Mar 2020 18:21:48 GMT">
  <testcase classname="tests.TbarraBusqueda" name="barraBusqueda" time="0.082"/>
</testsuite> <!-- tests.TbarraBusqueda -->
