<?xml version="1.0" encoding="UTF-8"?>
<!-- Generated by org.testng.reporters.JUnitReportReporter -->
<testsuite hostname="EKT1539553" failures="0" tests="1" name="tests.TopenURLTest" time="0.712" errors="0" timestamp="17 Mar 2020 18:21:48 GMT">
  <testcase classname="tests.TopenURLTest" name="stepsOpenURL" time="0.712"/>
</testsuite> <!-- tests.TopenURLTest -->
